/Users/runner/work/crossbow/crossbow/arrow/cpp/src/arrow/util/cpu_info.cc:181: IOError: sysctlbyname failed for 'hw.l1dcachesize'. Detail: [errno 1] Operation not permitted
/Users/runner/work/crossbow/crossbow/arrow/cpp/src/arrow/util/cpu_info.cc:181: IOError: sysctlbyname failed for 'hw.l2cachesize'. Detail: [errno 1] Operation not permitted
/Users/runner/work/crossbow/crossbow/arrow/cpp/src/arrow/util/cpu_info.cc:181: IOError: sysctlbyname failed for 'hw.l3cachesize'. Detail: [errno 1] Operation not permitted
[65259:MainThread](2026-08-15 11:20:40,364) INFO - qlib.Initialization - [config.py:473] - default_conf: client.
[65259:MainThread](2026-08-15 11:20:43,972) INFO - qlib.Initialization - [__init__.py:82] - qlib successfully initialized based on client settings.
[65259:MainThread](2026-08-15 11:20:43,977) INFO - qlib.Initialization - [__init__.py:84] - data_path={'__DEFAULT_FREQ': PosixPath('/Users/toni/src/qlib/data/qlib_crypto')}
[I 2026-08-15 11:20:44,356] A new study created in memory with name: sfm_nested_fold_1
[I 2026-08-15 11:22:31,419] Trial 0 finished with value: 0.6354271714318606 and parameters: {'hidden_dim': 64, 'freq_components': 20, 'lr': 0.0029106359131330704, 'dropout_rate': 0.35, 'batch_size': 16, 'weight_decay': 1.3066739238053272e-05, 'lookback': 45}. Best is trial 0 with value: 0.6354271714318606.
[I 2026-08-15 11:23:20,457] Trial 1 finished with value: -0.011763207285406202 and parameters: {'hidden_dim': 96, 'freq_components': 16, 'lr': 0.00010994335574766199, 'dropout_rate': 0.5, 'batch_size': 16, 'weight_decay': 2.3102018878452926e-05, 'lookback': 20}. Best is trial 1 with value: -0.011763207285406202.
[I 2026-08-15 11:24:15,097] Trial 2 finished with value: -0.7782215909966765 and parameters: {'hidden_dim': 64, 'freq_components': 12, 'lr': 0.0007309539835912913, 'dropout_rate': 0.2, 'batch_size': 16, 'weight_decay': 3.8396292998041685e-05, 'lookback': 25}. Best is trial 2 with value: -0.7782215909966765.
[I 2026-08-15 11:24:40,380] Trial 3 finished with value: -0.1037947219934298 and parameters: {'hidden_dim': 80, 'freq_components': 17, 'lr': 0.00025081156860452336, 'dropout_rate': 0.30000000000000004, 'batch_size': 16, 'weight_decay': 0.000164092867306479, 'lookback': 20}. Best is trial 2 with value: -0.7782215909966765.
[I 2026-08-15 11:25:03,925] Trial 4 finished with value: 2.275540430589231 and parameters: {'hidden_dim': 32, 'freq_components': 20, 'lr': 0.00853618986286683, 'dropout_rate': 0.45000000000000007, 'batch_size': 16, 'weight_decay': 0.000233596350262616, 'lookback': 30}. Best is trial 2 with value: -0.7782215909966765.
[I 2026-08-15 11:25:50,161] A new study created in memory with name: sfm_nested_fold_2
[I 2026-08-15 11:26:35,073] Trial 0 finished with value: -2.079415803958655 and parameters: {'hidden_dim': 32, 'freq_components': 14, 'lr': 0.0001848340281629337, 'dropout_rate': 0.2, 'batch_size': 32, 'weight_decay': 0.00021487229685265524, 'lookback': 35}. Best is trial 0 with value: -2.079415803958655.
[I 2026-08-15 11:27:12,644] Trial 1 finished with value: 0.20966497264512626 and parameters: {'hidden_dim': 32, 'freq_components': 16, 'lr': 0.0006164530942831308, 'dropout_rate': 0.45000000000000007, 'batch_size': 16, 'weight_decay': 0.0005411246049940446, 'lookback': 20}. Best is trial 0 with value: -2.079415803958655.
[I 2026-08-15 11:28:37,600] Trial 2 finished with value: 1.8415828779412706 and parameters: {'hidden_dim': 64, 'freq_components': 9, 'lr': 0.0001423394882200059, 'dropout_rate': 0.45000000000000007, 'batch_size': 32, 'weight_decay': 5.898666311972536e-05, 'lookback': 50}. Best is trial 0 with value: -2.079415803958655.
[I 2026-08-15 11:30:41,496] Trial 3 finished with value: -2.2664896754476964 and parameters: {'hidden_dim': 80, 'freq_components': 15, 'lr': 0.0001462177509096267, 'dropout_rate': 0.5, 'batch_size': 16, 'weight_decay': 1.0239036664087415e-05, 'lookback': 35}. Best is trial 3 with value: -2.2664896754476964.
[I 2026-08-15 11:31:49,486] Trial 4 finished with value: -1.3361831735805099 and parameters: {'hidden_dim': 80, 'freq_components': 14, 'lr': 0.009044993688794191, 'dropout_rate': 0.5, 'batch_size': 16, 'weight_decay': 1.6144994436962734e-05, 'lookback': 20}. Best is trial 3 with value: -2.2664896754476964.
[I 2026-08-15 11:35:10,899] A new study created in memory with name: sfm_nested_fold_3
[I 2026-08-15 11:36:30,780] Trial 0 finished with value: 1.0647435913795784 and parameters: {'hidden_dim': 112, 'freq_components': 5, 'lr': 0.003085183239507017, 'dropout_rate': 0.25, 'batch_size': 32, 'weight_decay': 6.131392272351954e-05, 'lookback': 30}. Best is trial 0 with value: 1.0647435913795784.
[I 2026-08-15 11:40:41,054] Trial 1 finished with value: 0.8219879807070253 and parameters: {'hidden_dim': 80, 'freq_components': 16, 'lr': 0.008337818756564025, 'dropout_rate': 0.30000000000000004, 'batch_size': 16, 'weight_decay': 2.7277071286230936e-05, 'lookback': 50}. Best is trial 1 with value: 0.8219879807070253.
[I 2026-08-15 11:45:47,077] Trial 2 finished with value: 1.3064074272030186 and parameters: {'hidden_dim': 128, 'freq_components': 18, 'lr': 0.001962551783638816, 'dropout_rate': 0.15000000000000002, 'batch_size': 16, 'weight_decay': 8.268146071567754e-05, 'lookback': 45}. Best is trial 1 with value: 0.8219879807070253.
[I 2026-08-15 11:46:48,656] Trial 3 finished with value: 0.3555235669439367 and parameters: {'hidden_dim': 48, 'freq_components': 15, 'lr': 0.005313108344181227, 'dropout_rate': 0.15000000000000002, 'batch_size': 16, 'weight_decay': 2.2171233364070216e-05, 'lookback': 15}. Best is trial 3 with value: 0.3555235669439367.
[I 2026-08-15 11:47:56,565] Trial 4 finished with value: -0.11132998999967629 and parameters: {'hidden_dim': 48, 'freq_components': 11, 'lr': 0.0038828430173841874, 'dropout_rate': 0.5, 'batch_size': 16, 'weight_decay': 0.00010751643388858857, 'lookback': 15}. Best is trial 4 with value: -0.11132998999967629.
   📡 Solicitando '['btc', 'eth', 'sol', 'xlm', 'ada', 'xrp', 'doge', 'link', 'ltc']' desde 2023-08-11 hasta 2026-08-15...

==============================================================
📊 DIAGNÓSTICO DE DATOS
==============================================================
   Consulta original:    2023-08-11 → 2026-08-15
   Filas sin procesar:   1099
   Activos solicitados:  ['btc', 'eth', 'sol', 'xlm', 'ada', 'xrp', 'doge', 'link', 'ltc']
       btc:      0 NaN (  0.0%)    [2023-08-11 → 2026-08-13]
       eth:      0 NaN (  0.0%)    [2023-08-11 → 2026-08-13]
       sol:      0 NaN (  0.0%)    [2023-08-11 → 2026-08-13]
       xlm:      0 NaN (  0.0%)    [2023-08-11 → 2026-08-13]
       ada:      0 NaN (  0.0%)    [2023-08-11 → 2026-08-13]
       xrp:      0 NaN (  0.0%)    [2023-08-11 → 2026-08-13]
      doge:      0 NaN (  0.0%)    [2023-08-11 → 2026-08-13]
      link:      0 NaN (  0.0%)    [2023-08-11 → 2026-08-13]
       ltc:      0 NaN (  0.0%)    [2023-08-11 → 2026-08-13]
   ✅ Filas útiles:       1099
   Rango efectivo:       2023-08-11 → 2026-08-13
   Años de datos:        3.0

   📐 Matrix final:
      Dimensiones:       1099 filas × 27 columnas
      Features:          27 (close=9, pct=9, ratio=9)
      Rango temporal:    2023-08-11 → 2026-08-13
      Días totales:      1099
      Años cubiertos:    3.0
      NaN restantes:     0
      Inf restantes:     0
      Valores extremos:  sin clipping global (se ajusta solo con train)
      Stats rápidos:     μ=2878.3093  σ=14919.0410  min=-0.2442  max=124658.5391

==============================================================
{
  "aggregate": {
    "sharpe_max": -0.38518906462574787,
    "sharpe_mean": -1.1843310810006027,
    "sharpe_min": -2.3141338910526663,
    "sharpe_std": 0.8214659482519548
  },
  "decision_rows": 934,
  "final_holdout": {
    "end": "2026-08-13T00:00:00",
    "evaluated": false,
    "rows": 165,
    "start": "2026-03-02T00:00:00"
  },
  "folds": [
    {
      "best_params": {
        "batch_size": 16,
        "dropout_rate": 0.2,
        "freq_components": 12,
        "hidden_dim": 64,
        "lookback": 25,
        "lr": 0.0007309539835912913,
        "weight_decay": 3.8396292998041685e-05
      },
      "best_validation_sharpe": 0.7782215909966765,
      "boundaries": {
        "test_end": 684,
        "test_start": 560,
        "train_end": 467,
        "train_start": 0,
        "validation_end": 560,
        "validation_start": 467
      },
      "calibrated_cost_metrics": {
        "annualized_return": -0.5147493052875792,
        "calmar": -1.5810783916547748,
        "cvar_95": -0.07400862867863492,
        "equity_final": 0.823538802296186,
        "max_drawdown": -0.32556849037113766,
        "sharpe": -0.6539995476911098,
        "sortino": -1.109552712049809,
        "var_95": -0.059258042994346
      },
      "cost_calibration": {
        "one_way_cost_by_asset": {
          "ada": 0.002921380707597564,
          "btc": 0.0019064345462859998,
          "doge": 0.0029354017982227564,
          "eth": 0.0020976932990918774,
          "link": 0.0030642518686338164,
          "ltc": 0.0026234467590190796,
          "sol": 0.002804178101120346,
          "xlm": 0.00360425263983864,
          "xrp": 0.0022968770208258824
        },
        "order_notional": 10000.0,
        "source": "train-only daily OHLCV proxy",
        "trained_through": "2024-11-19T00:00:00"
      },
      "cost_scenarios": {
        "adverse": {
          "annualized_return": -0.5525749185742319,
          "calmar": -1.6612392085779628,
          "cvar_95": -0.07447486982345582,
          "equity_final": 0.8057880080304693,
          "max_drawdown": -0.3326281462385646,
          "sharpe": -0.7664733591902043,
          "sortino": -1.3004326434004225,
          "turnover": 0.24742268041237114,
          "var_95": -0.060039785265922546
        },
        "base": {
          "annualized_return": -0.41086026657414654,
          "calmar": -1.3254044673863197,
          "cvar_95": -0.0726748698234558,
          "equity_final": 0.8675713287314298,
          "max_drawdown": -0.3099885933324317,
          "sharpe": -0.38518906462574787,
          "sortino": -0.6583609120445392,
          "turnover": 0.24742268041237114,
          "var_95": -0.05703978526592255
        },
        "optimistic": {
          "annualized_return": -0.31796818550185757,
          "calmar": -1.0683309800733067,
          "cvar_95": -0.0717148698234558,
          "equity_final": 0.9023555262836593,
          "max_drawdown": -0.2976307823378913,
          "sharpe": -0.1813653581730067,
          "sortino": -0.3102245940705929,
          "turnover": 0.24742268041237114,
          "var_95": -0.055439785265922546
        }
      },
      "date_ranges": {
        "test": [
          "2025-02-21T00:00:00",
          "2025-06-24T00:00:00"
        ],
        "train": [
          "2023-08-11T00:00:00",
          "2024-11-19T00:00:00"
        ],
        "validation": [
          "2024-11-20T00:00:00",
          "2025-02-20T00:00:00"
        ]
      },
      "fold": 1,
      "test_metrics": {
        "benchmark_final": 1.0364265441894531,
        "direction_acc": 0.5011337868480725,
        "equity_final": 0.8675713287314298,
        "max_drawdown": -0.3099885933324317,
        "outperformance": -0.1688552154580233,
        "sharpe": -0.38518906462574787,
        "test_loss": 0.0015707610873505473,
        "turnover": 0.24742268041237114
      }
    },
    {
      "best_params": {
        "batch_size": 16,
        "dropout_rate": 0.5,
        "freq_components": 15,
        "hidden_dim": 80,
        "lookback": 35,
        "lr": 0.0001462177509096267,
        "weight_decay": 1.0239036664087415e-05
      },
      "best_validation_sharpe": 2.2664896754476964,
      "boundaries": {
        "test_end": 808,
        "test_start": 684,
        "train_end": 591,
        "train_start": 0,
        "validation_end": 684,
        "validation_start": 591
      },
      "calibrated_cost_metrics": {
        "annualized_return": -0.7081254868096591,
        "calmar": -1.578380661624113,
        "cvar_95": -0.10194439888000488,
        "equity_final": 0.7431234998848726,
        "max_drawdown": -0.4486404983720329,
        "sharpe": -1.0692830012108938,
        "sortino": -1.3163503060772228,
        "var_95": -0.05995336174964905
      },
      "cost_calibration": {
        "one_way_cost_by_asset": {
          "ada": 0.0031622871805873547,
          "btc": 0.00193118910262064,
          "doge": 0.0029386156231653647,
          "eth": 0.00215042690982847,
          "link": 0.0032229313190576116,
          "ltc": 0.0027974927723669633,
          "sol": 0.002839985351010145,
          "xlm": 0.004018577999367932,
          "xrp": 0.002464416028265306
        },
        "order_notional": 10000.0,
        "source": "train-only daily OHLCV proxy",
        "trained_through": "2025-03-23T00:00:00"
      },
      "cost_scenarios": {
        "adverse": {
          "annualized_return": -0.6977278816652572,
          "calmar": -1.571242512629861,
          "cvar_95": -0.10194439888000488,
          "equity_final": 0.7494214420645992,
          "max_drawdown": -0.4440612291862659,
          "sharpe": -1.0270430605099738,
          "sortino": -1.2645216372088486,
          "turnover": 0.13793103448275862,
          "var_95": -0.05995336174964905
        },
        "base": {
          "annualized_return": -0.6507239710851934,
          "calmar": -1.5302503519775321,
          "cvar_95": -0.10194439888000488,
          "equity_final": 0.775996692906756,
          "max_drawdown": -0.42524020340282376,
          "sharpe": -0.8536702873233935,
          "sortino": -1.05095825661868,
          "turnover": 0.13793103448275862,
          "var_95": -0.05995336174964905
        },
        "optimistic": {
          "annualized_return": -0.6227979915478267,
          "calmar": -1.5008406135037935,
          "cvar_95": -0.10194439888000488,
          "equity_final": 0.7905215812356446,
          "max_drawdown": -0.4149661101879346,
          "sharpe": -0.7608478046637535,
          "sortino": -0.9365225798942022,
          "turnover": 0.13793103448275862,
          "var_95": -0.05995336174964905
        }
      },
      "date_ranges": {
        "test": [
          "2025-06-25T00:00:00",
          "2025-10-26T00:00:00"
        ],
        "train": [
          "2023-08-11T00:00:00",
          "2025-03-23T00:00:00"
        ],
        "validation": [
          "2025-03-24T00:00:00",
          "2025-06-24T00:00:00"
        ]
      },
      "fold": 2,
      "test_metrics": {
        "benchmark_final": 0.9678837060928345,
        "direction_acc": 0.5164141414141414,
        "equity_final": 0.775996692906756,
        "max_drawdown": -0.42524020340282376,
        "outperformance": -0.19188701318607848,
        "sharpe": -0.8536702873233935,
        "test_loss": 0.001793264294974506,
        "turnover": 0.13793103448275862
      }
    },
    {
      "best_params": {
        "batch_size": 16,
        "dropout_rate": 0.5,
        "freq_components": 11,
        "hidden_dim": 48,
        "lookback": 15,
        "lr": 0.0038828430173841874,
        "weight_decay": 0.00010751643388858857
      },
      "best_validation_sharpe": 0.11132998999967629,
      "boundaries": {
        "test_end": 934,
        "test_start": 808,
        "train_end": 715,
        "train_start": 0,
        "validation_end": 808,
        "validation_start": 715
      },
      "calibrated_cost_metrics": {
        "annualized_return": -0.9084918909938708,
        "calmar": -1.6712652589397774,
        "cvar_95": -0.08299985085482836,
        "equity_final": 0.4864242479821389,
        "max_drawdown": -0.5435952706891521,
        "sharpe": -2.781335130365303,
        "sortino": -4.32416608876045,
        "var_95": -0.06366510464066896
      },
      "cost_calibration": {
        "one_way_cost_by_asset": {
          "ada": 0.003089246428323653,
          "btc": 0.0018768493220659135,
          "doge": 0.002929168005663499,
          "eth": 0.0021801751164053115,
          "link": 0.00321683683111677,
          "ltc": 0.0027994290501939414,
          "sol": 0.0027869088383088597,
          "xlm": 0.0038022002162405332,
          "xrp": 0.0024459072596727622
        },
        "order_notional": 10000.0,
        "source": "train-only daily OHLCV proxy",
        "trained_through": "2025-07-25T00:00:00"
      },
      "cost_scenarios": {
        "adverse": {
          "annualized_return": -0.9143300338029027,
          "calmar": -1.666043604160506,
          "cvar_95": -0.08327419042587281,
          "equity_final": 0.4768553945050668,
          "max_drawdown": -0.5488031833938796,
          "sharpe": -2.863592544790688,
          "sortino": -4.453757054960964,
          "turnover": 0.3944954128440367,
          "var_95": -0.0637851595878601
        },
        "base": {
          "annualized_return": -0.866712599058571,
          "calmar": -1.7214188327700797,
          "cvar_95": -0.08097589604059856,
          "equity_final": 0.5448008930279046,
          "max_drawdown": -0.5034873456634195,
          "sharpe": -2.3141338910526663,
          "sortino": -3.5960752046053996,
          "turnover": 0.3944954128440367,
          "var_95": -0.062038603305816654
        },
        "optimistic": {
          "annualized_return": -0.8313722193259141,
          "calmar": -1.740914759673876,
          "cvar_95": -0.0799092293739319,
          "equity_final": 0.5848166599488575,
          "max_drawdown": -0.47754906696727806,
          "sharpe": -2.015342316114864,
          "sortino": -3.1312035357222534,
          "turnover": 0.3944954128440367,
          "var_95": -0.06043860330581665
        }
      },
      "date_ranges": {
        "test": [
          "2025-10-27T00:00:00",
          "2026-03-01T00:00:00"
        ],
        "train": [
          "2023-08-11T00:00:00",
          "2025-07-25T00:00:00"
        ],
        "validation": [
          "2025-07-26T00:00:00",
          "2025-10-26T00:00:00"
        ]
      },
      "fold": 3,
      "test_metrics": {
        "benchmark_final": 0.5587030649185181,
        "direction_acc": 0.38686868686868686,
        "equity_final": 0.5448008930279046,
        "max_drawdown": -0.5034873456634195,
        "outperformance": -0.01390217189061349,
        "sharpe": -2.3141338910526663,
        "test_loss": 0.0016481347847729921,
        "turnover": 0.3944954128440367
      }
    }
  ],
  "instruments": [
    "btc",
    "eth",
    "sol",
    "xlm",
    "ada",
    "xrp",
    "doge",
    "link",
    "ltc"
  ],
  "n_trials_per_fold": 5,
  "protocol": "nested_walk_forward",
  "seed": 42
}
