[I 2026-09-01 17:34:46,752] Trial 77 finished with value: -3.409187089212811 and parameters: {'hidden_dim': 112, 'freq_components': 16, 'lr': 0.0010552280776153428, 'dropout_rate': 0.30000000000000004, 'batch_size': 16, 'weight_decay': 9.481100031767755e-05, 'lookback': 20}. Best is trial 43 with value: -3.7970769651659393.
[I 2026-09-01 17:34:55,124] Trial 78 pruned. 
[I 2026-09-01 17:35:01,164] Trial 79 pruned. 
[I 2026-09-01 17:35:09,429] Trial 80 pruned. 
[I 2026-09-01 17:35:43,015] Trial 81 finished with value: -3.6244680777239493 and parameters: {'hidden_dim': 112, 'freq_components': 16, 'lr': 0.0017135081048176037, 'dropout_rate': 0.25, 'batch_size': 16, 'weight_decay': 0.0001407833323868165, 'lookback': 20}. Best is trial 43 with value: -3.7970769651659393.
[I 2026-09-01 17:36:07,897] Trial 82 finished with value: -2.6797933273457386 and parameters: {'hidden_dim': 112, 'freq_components': 16, 'lr': 0.0017171673023489455, 'dropout_rate': 0.2, 'batch_size': 16, 'weight_decay': 0.00013038184501417454, 'lookback': 20}. Best is trial 43 with value: -3.7970769651659393.
[I 2026-09-01 17:36:56,159] Trial 83 finished with value: -2.467510718134872 and parameters: {'hidden_dim': 112, 'freq_components': 16, 'lr': 0.00145843163946237, 'dropout_rate': 0.2, 'batch_size': 16, 'weight_decay': 6.496369221689171e-05, 'lookback': 20}. Best is trial 43 with value: -3.7970769651659393.
[I 2026-09-01 17:37:05,505] Trial 84 pruned. 
[I 2026-09-01 17:37:14,130] Trial 85 pruned. 
[I 2026-09-01 17:37:37,897] Trial 86 pruned. 
[I 2026-09-01 17:37:49,898] Trial 87 pruned. 
[I 2026-09-01 17:37:55,466] Trial 88 pruned. 
[I 2026-09-01 17:38:17,304] Trial 89 finished with value: -2.5682669470732216 and parameters: {'hidden_dim': 112, 'freq_components': 20, 'lr': 0.0008591059458721597, 'dropout_rate': 0.2, 'batch_size': 16, 'weight_decay': 1.8514257912868775e-05, 'lookback': 20}. Best is trial 43 with value: -3.7970769651659393.
[I 2026-09-01 17:38:40,684] Trial 90 finished with value: -3.436591766845021 and parameters: {'hidden_dim': 80, 'freq_components': 16, 'lr': 0.0016831389727581935, 'dropout_rate': 0.25, 'batch_size': 16, 'weight_decay': 0.00017311552119525712, 'lookback': 30}. Best is trial 43 with value: -3.7970769651659393.
[I 2026-09-01 17:38:53,898] Trial 91 pruned. 
[I 2026-09-01 17:39:05,376] Trial 92 pruned. 
[I 2026-09-01 17:39:25,562] Trial 93 finished with value: -3.275878950385967 and parameters: {'hidden_dim': 112, 'freq_components': 16, 'lr': 0.0010431495572211093, 'dropout_rate': 0.25, 'batch_size': 16, 'weight_decay': 0.00012123779328973047, 'lookback': 20}. Best is trial 43 with value: -3.7970769651659393.
[I 2026-09-01 17:39:32,579] Trial 94 pruned. 
[I 2026-09-01 17:39:49,737] Trial 95 pruned. 
[I 2026-09-01 17:40:05,206] Trial 96 pruned. 
[I 2026-09-01 17:40:11,547] Trial 97 pruned. 
[I 2026-09-01 17:40:30,761] Trial 98 finished with value: -3.1850815734270808 and parameters: {'hidden_dim': 96, 'freq_components': 16, 'lr': 0.0020614514671674633, 'dropout_rate': 0.5, 'batch_size': 16, 'weight_decay': 6.015272192753348e-05, 'lookback': 20}. Best is trial 43 with value: -3.7970769651659393.
[I 2026-09-01 17:40:38,971] Trial 99 pruned. 
