/Users/runner/work/crossbow/crossbow/arrow/cpp/src/arrow/util/cpu_info.cc:181: IOError: sysctlbyname failed for 'hw.l1dcachesize'. Detail: [errno 1] Operation not permitted
/Users/runner/work/crossbow/crossbow/arrow/cpp/src/arrow/util/cpu_info.cc:181: IOError: sysctlbyname failed for 'hw.l2cachesize'. Detail: [errno 1] Operation not permitted
/Users/runner/work/crossbow/crossbow/arrow/cpp/src/arrow/util/cpu_info.cc:181: IOError: sysctlbyname failed for 'hw.l3cachesize'. Detail: [errno 1] Operation not permitted
[66459:MainThread](2026-08-15 11:50:24,914) INFO - qlib.Initialization - [config.py:473] - default_conf: client.
[66459:MainThread](2026-08-15 11:50:27,378) INFO - qlib.Initialization - [__init__.py:82] - qlib successfully initialized based on client settings.
[66459:MainThread](2026-08-15 11:50:27,380) INFO - qlib.Initialization - [__init__.py:84] - data_path={'__DEFAULT_FREQ': PosixPath('/Users/toni/src/qlib/data/qlib_crypto')}
[I 2026-08-15 11:50:27,593] A new study created in memory with name: sfm_nested_fold_1
[I 2026-08-15 11:50:54,269] Trial 0 finished with value: 0.5540725358853302 and parameters: {'hidden_dim': 32, 'freq_components': 14, 'lr': 0.0001848340281629337, 'dropout_rate': 0.2, 'batch_size': 32, 'weight_decay': 0.00021487229685265524, 'lookback': 35}. Best is trial 0 with value: 0.5540725358853302.
[I 2026-08-15 11:51:56,965] Trial 1 finished with value: -1.8481745328020356 and parameters: {'hidden_dim': 32, 'freq_components': 16, 'lr': 0.0006164530942831308, 'dropout_rate': 0.45000000000000007, 'batch_size': 16, 'weight_decay': 0.0005411246049940446, 'lookback': 20}. Best is trial 1 with value: -1.8481745328020356.
[I 2026-08-15 11:53:13,981] Trial 2 finished with value: 0.9190403658391877 and parameters: {'hidden_dim': 64, 'freq_components': 9, 'lr': 0.0001423394882200059, 'dropout_rate': 0.45000000000000007, 'batch_size': 32, 'weight_decay': 5.898666311972536e-05, 'lookback': 50}. Best is trial 1 with value: -1.8481745328020356.
[I 2026-08-15 11:55:09,945] Trial 3 finished with value: -1.3618956250565877 and parameters: {'hidden_dim': 80, 'freq_components': 15, 'lr': 0.0001462177509096267, 'dropout_rate': 0.5, 'batch_size': 16, 'weight_decay': 1.0239036664087415e-05, 'lookback': 35}. Best is trial 1 with value: -1.8481745328020356.
[I 2026-08-15 11:56:24,372] Trial 4 finished with value: -0.736573566808848 and parameters: {'hidden_dim': 80, 'freq_components': 14, 'lr': 0.009044993688794191, 'dropout_rate': 0.5, 'batch_size': 16, 'weight_decay': 1.6144994436962734e-05, 'lookback': 20}. Best is trial 1 with value: -1.8481745328020356.
[I 2026-08-15 11:57:52,945] A new study created in memory with name: sfm_nested_fold_2
[I 2026-08-15 11:59:32,027] Trial 0 finished with value: -1.1253137118408774 and parameters: {'hidden_dim': 112, 'freq_components': 5, 'lr': 0.003085183239507017, 'dropout_rate': 0.25, 'batch_size': 32, 'weight_decay': 6.131392272351954e-05, 'lookback': 30}. Best is trial 0 with value: -1.1253137118408774.
[I 2026-08-15 12:02:38,203] Trial 1 pruned. 
[I 2026-08-15 12:06:26,705] Trial 2 finished with value: 1.3452020952001789 and parameters: {'hidden_dim': 128, 'freq_components': 18, 'lr': 0.001962551783638816, 'dropout_rate': 0.15000000000000002, 'batch_size': 16, 'weight_decay': 8.268146071567754e-05, 'lookback': 45}. Best is trial 0 with value: -1.1253137118408774.
[I 2026-08-15 12:07:13,939] Trial 3 finished with value: -2.0924088850152804 and parameters: {'hidden_dim': 48, 'freq_components': 15, 'lr': 0.005313108344181227, 'dropout_rate': 0.15000000000000002, 'batch_size': 16, 'weight_decay': 2.2171233364070216e-05, 'lookback': 15}. Best is trial 3 with value: -2.0924088850152804.
[I 2026-08-15 12:08:15,316] Trial 4 finished with value: -1.5759298361247132 and parameters: {'hidden_dim': 48, 'freq_components': 11, 'lr': 0.0038828430173841874, 'dropout_rate': 0.5, 'batch_size': 16, 'weight_decay': 0.00010751643388858857, 'lookback': 15}. Best is trial 3 with value: -2.0924088850152804.
[I 2026-08-15 12:10:20,798] A new study created in memory with name: sfm_nested_fold_3
[I 2026-08-15 12:11:40,158] Trial 0 finished with value: 1.9107293410206276 and parameters: {'hidden_dim': 128, 'freq_components': 13, 'lr': 0.00036550607856719266, 'dropout_rate': 0.1, 'batch_size': 32, 'weight_decay': 1.2503857102775301e-05, 'lookback': 20}. Best is trial 0 with value: 1.9107293410206276.
[I 2026-08-15 12:12:58,330] Trial 1 finished with value: 0.7640993123777208 and parameters: {'hidden_dim': 32, 'freq_components': 14, 'lr': 0.0051566077523952595, 'dropout_rate': 0.35, 'batch_size': 16, 'weight_decay': 0.00017242052658830693, 'lookback': 25}. Best is trial 1 with value: 0.7640993123777208.
[I 2026-08-15 12:16:13,419] Trial 2 finished with value: 0.7417365806681324 and parameters: {'hidden_dim': 128, 'freq_components': 15, 'lr': 0.0007604344395735721, 'dropout_rate': 0.2, 'batch_size': 16, 'weight_decay': 2.8438689444048053e-05, 'lookback': 30}. Best is trial 2 with value: 0.7417365806681324.
[I 2026-08-15 12:17:08,383] Trial 3 finished with value: 1.3317056065727149 and parameters: {'hidden_dim': 48, 'freq_components': 10, 'lr': 0.004342570273486446, 'dropout_rate': 0.1, 'batch_size': 16, 'weight_decay': 0.00025866815727069276, 'lookback': 15}. Best is trial 2 with value: 0.7417365806681324.
[I 2026-08-15 12:18:01,257] Trial 4 finished with value: 0.3783994767376177 and parameters: {'hidden_dim': 96, 'freq_components': 10, 'lr': 0.004716924238939029, 'dropout_rate': 0.2, 'batch_size': 32, 'weight_decay': 3.190805996728067e-05, 'lookback': 15}. Best is trial 4 with value: 0.3783994767376177.
   📡 Solicitando '['btc', 'eth', 'sol', 'xlm', 'ada', 'xrp', 'doge', 'link', 'ltc']' desde 2023-08-11 hasta 2026-08-15...

==============================================================
📊 DIAGNÓSTICO DE DATOS
==============================================================
   Consulta original:    2023-08-11 → 2026-08-15
   Filas sin procesar:   1099
   Activos solicitados:  ['btc', 'eth', 'sol', 'xlm', 'ada', 'xrp', 'doge', 'link', 'ltc']
       btc:      0 NaN (  0.0%)    [2023-08-11 → 2026-08-13]
       eth:      0 NaN (  0.0%)    [2023-08-11 → 2026-08-13]
       sol:      0 NaN (  0.0%)    [2023-08-11 → 2026-08-13]
       xlm:      0 NaN (  0.0%)    [2023-08-11 → 2026-08-13]
       ada:      0 NaN (  0.0%)    [2023-08-11 → 2026-08-13]
       xrp:      0 NaN (  0.0%)    [2023-08-11 → 2026-08-13]
      doge:      0 NaN (  0.0%)    [2023-08-11 → 2026-08-13]
      link:      0 NaN (  0.0%)    [2023-08-11 → 2026-08-13]
       ltc:      0 NaN (  0.0%)    [2023-08-11 → 2026-08-13]
   ✅ Filas útiles:       1099
   Rango efectivo:       2023-08-11 → 2026-08-13
   Años de datos:        3.0

   📐 Matrix final:
      Dimensiones:       1099 filas × 27 columnas
      Features:          27 (close=9, pct=9, ratio=9)
      Rango temporal:    2023-08-11 → 2026-08-13
      Días totales:      1099
      Años cubiertos:    3.0
      NaN restantes:     0
      Inf restantes:     0
      Valores extremos:  sin clipping global (se ajusta solo con train)
      Stats rápidos:     μ=2878.3093  σ=14919.0410  min=-0.2442  max=124658.5391

==============================================================
{
  "aggregate": {
    "sharpe_max": 1.1943615911956453,
    "sharpe_mean": -0.6737578390096047,
    "sharpe_min": -2.804206332981975,
    "sharpe_std": 1.6429138269830692
  },
  "decision_rows": 934,
  "final_holdout": {
    "end": "2026-08-13T00:00:00",
    "evaluated": false,
    "rows": 165,
    "start": "2026-03-02T00:00:00"
  },
  "folds": [
    {
      "best_params": {
        "batch_size": 16,
        "dropout_rate": 0.45000000000000007,
        "freq_components": 16,
        "hidden_dim": 32,
        "lookback": 20,
        "lr": 0.0006164530942831308,
        "weight_decay": 0.0005411246049940446
      },
      "best_validation_sharpe": 1.8481745328020356,
      "boundaries": {
        "test_end": 684,
        "test_start": 560,
        "train_end": 467,
        "train_start": 0,
        "validation_end": 560,
        "validation_start": 467
      },
      "calibrated_cost_metrics": {
        "annualized_return": -0.5161152461287706,
        "calmar": -1.808373354199179,
        "cvar_95": -0.07117399749617208,
        "equity_final": 0.8147732577137247,
        "max_drawdown": -0.28540303624219787,
        "sharpe": -0.8690930183645429,
        "sortino": -1.2320161967249244,
        "var_95": -0.04595537661654906
      },
      "cost_calibration": {
        "one_way_cost_by_asset": {
          "ada": 0.002921380707597564,
          "btc": 0.0019064345462859998,
          "doge": 0.0029354017982227564,
          "eth": 0.0020976932990918774,
          "link": 0.0030642518686338164,
          "ltc": 0.0026234467590190796,
          "sol": 0.002804178101120346,
          "xlm": 0.00360425263983864,
          "xrp": 0.0022968770208258824
        },
        "order_notional": 10000.0,
        "source": "train-only daily OHLCV proxy",
        "trained_through": "2024-11-19T00:00:00"
      },
      "cost_scenarios": {
        "adverse": {
          "annualized_return": -0.5696697923184657,
          "calmar": -1.8453757015914538,
          "cvar_95": -0.07150097282727559,
          "equity_final": 0.7882462025167369,
          "max_drawdown": -0.30870125343183197,
          "sharpe": -1.057711841580601,
          "sortino": -1.501116516430891,
          "turnover": 0.3627450980392157,
          "var_95": -0.04683821001052856
        },
        "base": {
          "annualized_return": -0.3580569422374641,
          "calmar": -1.4077580866047759,
          "cvar_95": -0.07050097282727559,
          "equity_final": 0.8824235630001311,
          "max_drawdown": -0.25434550545559165,
          "sharpe": -0.41142877524248433,
          "sortino": -0.5824162104594491,
          "turnover": 0.3627450980392157,
          "var_95": -0.04413821001052857
        },
        "optimistic": {
          "annualized_return": -0.2058153691156973,
          "calmar": -0.8537788715546873,
          "cvar_95": -0.07006409866015116,
          "equity_final": 0.9370411510127005,
          "max_drawdown": -0.24106402241547653,
          "sharpe": -0.06603707671351589,
          "sortino": -0.09313014741471146,
          "turnover": 0.3627450980392157,
          "var_95": -0.0431612140083313
        }
      },
      "date_ranges": {
        "test": [
          "2025-02-21T00:00:00",
          "2025-06-24T00:00:00"
        ],
        "train": [
          "2023-08-11T00:00:00",
          "2024-11-19T00:00:00"
        ],
        "validation": [
          "2024-11-20T00:00:00",
          "2025-02-20T00:00:00"
        ]
      },
      "fold": 1,
      "test_metrics": {
        "benchmark_final": 1.058272123336792,
        "direction_acc": 0.4994606256742179,
        "equity_final": 0.8824235630001311,
        "max_drawdown": -0.25434550545559165,
        "outperformance": -0.17584856033666085,
        "sharpe": -0.41142877524248433,
        "test_loss": 0.0015467334305867553,
        "turnover": 0.3627450980392157
      }
    },
    {
      "best_params": {
        "batch_size": 16,
        "dropout_rate": 0.15000000000000002,
        "freq_components": 15,
        "hidden_dim": 48,
        "lookback": 15,
        "lr": 0.005313108344181227,
        "weight_decay": 2.2171233364070216e-05
      },
      "best_validation_sharpe": 2.0924088850152804,
      "boundaries": {
        "test_end": 808,
        "test_start": 684,
        "train_end": 591,
        "train_start": 0,
        "validation_end": 684,
        "validation_start": 591
      },
      "calibrated_cost_metrics": {
        "annualized_return": 0.45625114037979264,
        "calmar": 2.9560531578429767,
        "cvar_95": -0.04795793808710527,
        "equity_final": 1.117635143540496,
        "max_drawdown": -0.1543447007621177,
        "sharpe": 0.9460775347576115,
        "sortino": 1.8134621028823983,
        "var_95": -0.035295998564304674
      },
      "cost_calibration": {
        "one_way_cost_by_asset": {
          "ada": 0.0031622871805873547,
          "btc": 0.00193118910262064,
          "doge": 0.0029386156231653647,
          "eth": 0.00215042690982847,
          "link": 0.0032229313190576116,
          "ltc": 0.0027974927723669633,
          "sol": 0.002839985351010145,
          "xlm": 0.004018577999367932,
          "xrp": 0.002464416028265306
        },
        "order_notional": 10000.0,
        "source": "train-only daily OHLCV proxy",
        "trained_through": "2025-03-23T00:00:00"
      },
      "cost_scenarios": {
        "adverse": {
          "annualized_return": 0.29672966292281067,
          "calmar": 1.738992364036653,
          "cvar_95": -0.04816982444127401,
          "equity_final": 1.0799187181007603,
          "max_drawdown": -0.17063310275849908,
          "sharpe": 0.7337707952228585,
          "sortino": 1.4216989240757687,
          "turnover": 0.32710280373831774,
          "var_95": -0.03567008237838745
        },
        "base": {
          "annualized_return": 0.6756218115587325,
          "calmar": 4.702041651346895,
          "cvar_95": -0.04766982444127401,
          "equity_final": 1.165015035213049,
          "max_drawdown": -0.14368690479272916,
          "sharpe": 1.1943615911956453,
          "sortino": 2.3076051232652635,
          "turnover": 0.32710280373831774,
          "var_95": -0.03514508237838745
        },
        "optimistic": {
          "annualized_return": 0.9206281360689403,
          "calmar": 6.871208103662679,
          "cvar_95": -0.047403157774607345,
          "equity_final": 1.2130205282270405,
          "max_drawdown": -0.1339834453407227,
          "sharpe": 1.436361358446532,
          "sortino": 2.7668640997682217,
          "turnover": 0.32710280373831774,
          "var_95": -0.034938368201255794
        }
      },
      "date_ranges": {
        "test": [
          "2025-06-25T00:00:00",
          "2025-10-26T00:00:00"
        ],
        "train": [
          "2023-08-11T00:00:00",
          "2025-03-23T00:00:00"
        ],
        "validation": [
          "2025-03-24T00:00:00",
          "2025-06-24T00:00:00"
        ]
      },
      "fold": 2,
      "test_metrics": {
        "benchmark_final": 1.1383928060531616,
        "direction_acc": 0.51440329218107,
        "equity_final": 1.165015035213049,
        "max_drawdown": -0.14368690479272916,
        "outperformance": 0.026622229159887434,
        "sharpe": 1.1943615911956453,
        "test_loss": 0.0022650498431175947,
        "turnover": 0.32710280373831774
      }
    },
    {
      "best_params": {
        "batch_size": 32,
        "dropout_rate": 0.2,
        "freq_components": 10,
        "hidden_dim": 96,
        "lookback": 15,
        "lr": 0.004716924238939029,
        "weight_decay": 3.190805996728067e-05
      },
      "best_validation_sharpe": -0.3783994767376177,
      "boundaries": {
        "test_end": 934,
        "test_start": 808,
        "train_end": 715,
        "train_start": 0,
        "validation_end": 808,
        "validation_start": 715
      },
      "calibrated_cost_metrics": {
        "annualized_return": -0.898153446742399,
        "calmar": -1.7320595796538671,
        "cvar_95": -0.07016958086598246,
        "equity_final": 0.5023714186449418,
        "max_drawdown": -0.518546507937492,
        "sharpe": -2.945848020839032,
        "sortino": -5.182056051775612,
        "var_95": -0.05343179159757976
      },
      "cost_calibration": {
        "one_way_cost_by_asset": {
          "ada": 0.003089246428323653,
          "btc": 0.0018768493220659135,
          "doge": 0.002929168005663499,
          "eth": 0.0021801751164053115,
          "link": 0.00321683683111677,
          "ltc": 0.0027994290501939414,
          "sol": 0.0027869088383088597,
          "xlm": 0.0038022002162405332,
          "xrp": 0.0024459072596727622
        },
        "order_notional": 10000.0,
        "source": "train-only daily OHLCV proxy",
        "trained_through": "2025-07-25T00:00:00"
      },
      "cost_scenarios": {
        "adverse": {
          "annualized_return": -0.8971105294971051,
          "calmar": -1.735904392282313,
          "cvar_95": -0.07002100642522176,
          "equity_final": 0.5039162496276572,
          "max_drawdown": -0.5167971999563995,
          "sharpe": -2.933326707523497,
          "sortino": -5.163658375362787,
          "turnover": 0.08256880733944955,
          "var_95": -0.052941495943069454
        },
        "base": {
          "annualized_return": -0.8866914564840155,
          "calmar": -1.761780502326195,
          "cvar_95": -0.06976306438446045,
          "equity_final": 0.518780049816938,
          "max_drawdown": -0.5032928081205804,
          "sharpe": -2.804206332981975,
          "sortino": -4.926662515036419,
          "turnover": 0.08256880733944955,
          "var_95": -0.05143673071861267
        },
        "optimistic": {
          "annualized_return": -0.8807237676467637,
          "calmar": -1.7758168057311896,
          "cvar_95": -0.06976306438446045,
          "equity_final": 0.5268672200861643,
          "max_drawdown": -0.49595417986065604,
          "sharpe": -2.7344697552201915,
          "sortino": -4.796150967398023,
          "turnover": 0.08256880733944955,
          "var_95": -0.05071673071861267
        }
      },
      "date_ranges": {
        "test": [
          "2025-10-27T00:00:00",
          "2026-03-01T00:00:00"
        ],
        "train": [
          "2023-08-11T00:00:00",
          "2025-07-25T00:00:00"
        ],
        "validation": [
          "2025-07-26T00:00:00",
          "2025-10-26T00:00:00"
        ]
      },
      "fold": 3,
      "test_metrics": {
        "benchmark_final": 0.5587030649185181,
        "direction_acc": 0.3787878787878788,
        "equity_final": 0.518780049816938,
        "max_drawdown": -0.5032928081205804,
        "outperformance": -0.03992301510158003,
        "sharpe": -2.804206332981975,
        "test_loss": 0.0021412670612335205,
        "turnover": 0.08256880733944955
      }
    }
  ],
  "instruments": [
    "btc",
    "eth",
    "sol",
    "xlm",
    "ada",
    "xrp",
    "doge",
    "link",
    "ltc"
  ],
  "n_trials_per_fold": 5,
  "protocol": "nested_walk_forward",
  "seed": 43
}
